#
# There is insufficient memory for the Java Runtime Environment to continue.
# Native memory allocation (malloc) failed to allocate 1048576 bytes for AllocateHeap
# Possible reasons:
#   The system is out of physical RAM or swap space
#   The process is running with CompressedOops enabled, and the Java Heap may be blocking the growth of the native heap
# Possible solutions:
#   Reduce memory load on the system
#   Increase physical memory or swap space
#   Check if swap backing store is full
#   Decrease Java heap size (-Xmx/-Xms)
#   Decrease number of Java threads
#   Decrease Java thread stack sizes (-Xss)
#   Set larger code cache with -XX:ReservedCodeCacheSize=
#   JVM is running with Unscaled Compressed Oops mode in which the Java heap is
#     placed in the first 4GB address space. The Java Heap base address is the
#     maximum limit for the native heap growth. Please use -XX:HeapBaseMinAddress
#     to set the Java Heap base and to place the Java Heap above 4GB virtual address.
# This output file may be truncated or incomplete.
#
#  Out of Memory Error (memory/allocation.inline.hpp:61), pid=8920, tid=0x0000000000001e30
#
# JRE version:  (8.0_221-b11) (build )
# Java VM: Java HotSpot(TM) 64-Bit Server VM (25.221-b11 mixed mode windows-amd64 compressed oops)
# Failed to write core dump. Minidumps are not enabled by default on client versions of Windows
#

---------------  T H R E A D  ---------------

Current thread (0x000000000018d800):  JavaThread "Unknown thread" [_thread_in_vm, id=7728, stack(0x0000000002200000,0x0000000002300000)]

Stack: [0x0000000002200000,0x0000000002300000]
[error occurred during error reporting (printing stack bounds), id 0xc0000005]

Native frames: (J=compiled Java code, j=interpreted, Vv=VM code, C=native code)


---------------  P R O C E S S  ---------------

Java Threads: ( => current thread )

Other Threads:

=>0x000000000018d800 (exited) JavaThread "Unknown thread" [_thread_in_vm, id=7728, stack(0x0000000002200000,0x0000000002300000)]

VM state:not at safepoint (normal execution)

VM Mutex/Monitor currently owned by a thread: None

heap address: 0x00000000c1c00000, size: 996 MB, Compressed Oops mode: 32-bit
Narrow klass base: 0x0000000000000000, Narrow klass shift: 3
Compressed class space size: 1073741824 Address: 0x0000000100000000

Heap:
 PSYoungGen      total 18944K, used 327K [0x00000000eb400000, 0x00000000ec900000, 0x0000000100000000)
  eden space 16384K, 2% used [0x00000000eb400000,0x00000000eb451ec8,0x00000000ec400000)
  from space 2560K, 0% used [0x00000000ec680000,0x00000000ec680000,0x00000000ec900000)
  to   space 2560K, 0% used [0x00000000ec400000,0x00000000ec400000,0x00000000ec680000)
 ParOldGen       total 44032K, used 0K [0x00000000c1c00000, 0x00000000c4700000, 0x00000000eb400000)
  object space 44032K, 0% used [0x00000000c1c00000,0x00000000c1c00000,0x00000000c4700000)
 Metaspace       used 776K, capacity 4480K, committed 4480K, reserved 1056768K
  class space    used 76K, capacity 384K, committed 384K, reserved 1048576K

Card table byte_map: [0x00000000117f0000,0x00000000119f0000] byte_map_base: 0x00000000111e2000

Marking Bits: (ParMarkBitMap*) 0x00000000567c5ce0
 Begin Bits: [0x0000000012340000, 0x00000000132d0000)
 End Bits:   [0x00000000132d0000, 0x0000000014260000)

Polling page: 0x0000000002300000

CodeCache: size=245760Kb used=328Kb max_used=328Kb free=245431Kb
 bounds [0x0000000002430000, 0x00000000026a0000, 0x0000000011430000]
 total_blobs=58 nmethods=0 adapters=38
 compilation: enabled

Compilation events (0 events):
No events

GC Heap History (0 events):
No events

Deoptimization events (0 events):
No events

Classes redefined (0 events):
No events

Internal exceptions (0 events):
No events

Events (10 events):
Event: 0.018 loading class java/lang/Short
Event: 0.018 loading class java/lang/Short done
Event: 0.018 loading class java/lang/Integer
Event: 0.018 loading class java/lang/Integer done
Event: 0.018 loading class java/lang/Long
Event: 0.018 loading class java/lang/Long done
Event: 0.019 loading class java/lang/NullPointerException
Event: 0.019 loading class java/lang/NullPointerException done
Event: 0.019 loading class java/lang/ArithmeticException
Event: 0.019 loading class java/lang/ArithmeticException done


Dynamic libraries:
0x00007ff7f36c0000 - 0x00007ff7f36f7000 	C:\Program Files\Java\jdk1.8.0_221\bin\java.exe
0x00007ffbd3cc0000 - 0x00007ffbd3eb0000 	C:\WINDOWS\SYSTEM32\ntdll.dll
0x00007ffbd39f0000 - 0x00007ffbd3aa2000 	C:\WINDOWS\System32\KERNEL32.DLL
0x00007ffbd18a0000 - 0x00007ffbd1b43000 	C:\WINDOWS\System32\KERNELBASE.dll
0x00007ffbd3ad0000 - 0x00007ffbd3b73000 	C:\WINDOWS\System32\ADVAPI32.dll
0x00007ffbd1fd0000 - 0x00007ffbd206e000 	C:\WINDOWS\System32\msvcrt.dll
0x00007ffbd3950000 - 0x00007ffbd39e7000 	C:\WINDOWS\System32\sechost.dll
0x00007ffbd3230000 - 0x00007ffbd3350000 	C:\WINDOWS\System32\RPCRT4.dll
0x00007ffbd28f0000 - 0x00007ffbd2a84000 	C:\WINDOWS\System32\USER32.dll
0x00007ffbd0da0000 - 0x00007ffbd0dc1000 	C:\WINDOWS\System32\win32u.dll
0x00007ffbd3b80000 - 0x00007ffbd3ba6000 	C:\WINDOWS\System32\GDI32.dll
0x00007ffbd0f20000 - 0x00007ffbd10b4000 	C:\WINDOWS\System32\gdi32full.dll
0x00007ffbd1c00000 - 0x00007ffbd1c9e000 	C:\WINDOWS\System32\msvcp_win.dll
0x00007ffbd0c50000 - 0x00007ffbd0d4a000 	C:\WINDOWS\System32\ucrtbase.dll
0x00007ffbb3930000 - 0x00007ffbb3bb5000 	C:\WINDOWS\WinSxS\amd64_microsoft.windows.common-controls_6595b64144ccf1df_6.0.18362.418_none_e6c6b287130d565d\COMCTL32.dll
0x00007ffbd3610000 - 0x00007ffbd3946000 	C:\WINDOWS\System32\combase.dll
0x00007ffbd1cf0000 - 0x00007ffbd1d70000 	C:\WINDOWS\System32\bcryptPrimitives.dll
0x00007ffbd30a0000 - 0x00007ffbd30ce000 	C:\WINDOWS\System32\IMM32.DLL
0x0000000057200000 - 0x00000000572d2000 	C:\Program Files\Java\jdk1.8.0_221\jre\bin\msvcr100.dll
0x0000000055fa0000 - 0x0000000056845000 	C:\Program Files\Java\jdk1.8.0_221\jre\bin\server\jvm.dll
0x00007ffbd3ac0000 - 0x00007ffbd3ac8000 	C:\WINDOWS\System32\PSAPI.DLL
0x00007ffbbdd10000 - 0x00007ffbbdd19000 	C:\WINDOWS\SYSTEM32\WSOCK32.dll
0x00007ffbd35a0000 - 0x00007ffbd360f000 	C:\WINDOWS\System32\WS2_32.dll
0x00007ffbc6c30000 - 0x00007ffbc6c54000 	C:\WINDOWS\SYSTEM32\WINMM.dll
0x00007ffbcb720000 - 0x00007ffbcb72a000 	C:\WINDOWS\SYSTEM32\VERSION.dll
0x00007ffbc6c00000 - 0x00007ffbc6c2d000 	C:\WINDOWS\SYSTEM32\winmmbase.dll
0x00007ffbd0d50000 - 0x00007ffbd0d9a000 	C:\WINDOWS\System32\cfgmgr32.dll
0x00007ffbcdeb0000 - 0x00007ffbcdebf000 	C:\Program Files\Java\jdk1.8.0_221\jre\bin\verify.dll
0x00007ffbc5590000 - 0x00007ffbc55b9000 	C:\Program Files\Java\jdk1.8.0_221\jre\bin\java.dll
0x00007ffbca250000 - 0x00007ffbca266000 	C:\Program Files\Java\jdk1.8.0_221\jre\bin\zip.dll

VM Arguments:
jvm_args: -Dfile.encoding=UTF-8 
java_command: project1.Project1
java_class_path (initial): C:\Users\Quan\Downloads\sqlite-jdbc-3.7.2.jar\sqlite-jdbc-3.7.2.jar;C:\Users\Quan\Documents\NetBeansProjects\Project1\build\classes
Launcher Type: SUN_STANDARD

Environment Variables:
PATH=C:\Program Files (x86)\Common Files\Oracle\Java\javapath;C:\WINDOWS\system32;C:\WINDOWS;C:\WINDOWS\System32\Wbem;C:\WINDOWS\System32\WindowsPowerShell\v1.0\;C:\Program Files\dotnet\;C:\WINDOWS\System32\OpenSSH\;C:\Program Files\Microsoft SQL Server\Client SDK\ODBC\130\Tools\Binn\;C:\Program Files (x86)\Microsoft SQL Server\140\Tools\Binn\;C:\Program Files\Microsoft SQL Server\140\Tools\Binn\;C:\Program Files\Microsoft SQL Server\140\DTS\Binn\;C:\Program Files (x86)\Microsoft SQL Server\150\DTS\Binn\;C:\sqlite3;C:\Users\Quan\AppData\Local\Microsoft\WindowsApps;
USERNAME=Quan
OS=Windows_NT
PROCESSOR_IDENTIFIER=Intel64 Family 6 Model 142 Stepping 10, GenuineIntel



---------------  S Y S T E M  ---------------

OS: Windows 10.0 , 64 bit Build 18362 (10.0.18362.329)

CPU:total 8 (initial active 8) (4 cores per cpu, 2 threads per core) family 6 model 142 stepping 10, cmov, cx8, fxsr, mmx, sse, sse2, sse3, ssse3, sse4.1, sse4.2, popcnt, avx, avx2, aes, clmul, erms, 3dnowpref, lzcnt, ht, tsc, tscinvbit, bmi1, bmi2, adx

Memory: 4k page, physical 4077712k(549712k free), swap 6930576k(5652k free)

vm_info: Java HotSpot(TM) 64-Bit Server VM (25.221-b11) for windows-amd64 JRE (1.8.0_221-b11), built on Jul  4 2019 04:39:29 by "java_re" with MS VC++ 10.0 (VS2010)

time: Mon Oct 14 23:23:48 2019
timezone: SE Asia Standard Time
elapsed time: 0 seconds (0d 0h 0m 0s)

