#
# There is insufficient memory for the Java Runtime Environment to continue.
# Native memory allocation (malloc) failed to allocate 32744 bytes for ChunkPool::allocate
# Possible reasons:
#   The system is out of physical RAM or swap space
#   The process is running with CompressedOops enabled, and the Java Heap may be blocking the growth of the native heap
# Possible solutions:
#   Reduce memory load on the system
#   Increase physical memory or swap space
#   Check if swap backing store is full
#   Decrease Java heap size (-Xmx/-Xms)
#   Decrease number of Java threads
#   Decrease Java thread stack sizes (-Xss)
#   Set larger code cache with -XX:ReservedCodeCacheSize=
#   JVM is running with Unscaled Compressed Oops mode in which the Java heap is
#     placed in the first 4GB address space. The Java Heap base address is the
#     maximum limit for the native heap growth. Please use -XX:HeapBaseMinAddress
#     to set the Java Heap base and to place the Java Heap above 4GB virtual address.
# This output file may be truncated or incomplete.
#
#  Out of Memory Error (allocation.cpp:272), pid=924, tid=0x0000000000000d50
#
# JRE version: Java(TM) SE Runtime Environment (8.0_221-b11) (build 1.8.0_221-b11)
# Java VM: Java HotSpot(TM) 64-Bit Server VM (25.221-b11 mixed mode windows-amd64 compressed oops)
# Failed to write core dump. Minidumps are not enabled by default on client versions of Windows
#

---------------  T H R E A D  ---------------

Current thread (0x00000000177a2800):  JavaThread "C1 CompilerThread3" daemon [_thread_in_native, id=3408, stack(0x0000000018670000,0x0000000018770000)]

Stack: [0x0000000018670000,0x0000000018770000]
[error occurred during error reporting (printing stack bounds), id 0xc0000005]

Native frames: (J=compiled Java code, j=interpreted, Vv=VM code, C=native code)


Current CompileTask:
C1:   4362  160       3       jdk.internal.org.objectweb.asm.Frame::execute (2252 bytes)


---------------  P R O C E S S  ---------------

Java Threads: ( => current thread )
  0x00000000177ee800 JavaThread "Service Thread" daemon [_thread_blocked, id=7160, stack(0x0000000018770000,0x0000000018870000)]
=>0x00000000177a2800 JavaThread "C1 CompilerThread3" daemon [_thread_in_native, id=3408, stack(0x0000000018670000,0x0000000018770000)]
  0x00000000177a1000 JavaThread "C2 CompilerThread2" daemon [_thread_blocked, id=560, stack(0x0000000018570000,0x0000000018670000)]
  0x00000000177a0000 JavaThread "C2 CompilerThread1" daemon [_thread_blocked, id=9352, stack(0x0000000018470000,0x0000000018570000)]
  0x000000001779a800 JavaThread "C2 CompilerThread0" daemon [_thread_in_native, id=7584, stack(0x0000000018370000,0x0000000018470000)]
  0x0000000017789800 JavaThread "JDWP Command Reader" daemon [_thread_in_native, id=3248, stack(0x0000000018270000,0x0000000018370000)]
  0x0000000017786800 JavaThread "JDWP Event Helper Thread" daemon [_thread_in_native, id=1788, stack(0x0000000018170000,0x0000000018270000)]
  0x000000001777b000 JavaThread "JDWP Transport Listener: dt_shmem" daemon [_thread_blocked, id=2988, stack(0x0000000018070000,0x0000000018170000)]
  0x0000000017771000 JavaThread "Attach Listener" daemon [_thread_blocked, id=248, stack(0x0000000017f50000,0x0000000018050000)]
  0x0000000017770000 JavaThread "Signal Dispatcher" daemon [_thread_blocked, id=6364, stack(0x0000000017e50000,0x0000000017f50000)]
  0x0000000017761800 JavaThread "Finalizer" daemon [_thread_blocked, id=252, stack(0x0000000017c40000,0x0000000017d40000)]
  0x0000000017760800 JavaThread "Reference Handler" daemon [_thread_blocked, id=4140, stack(0x0000000017b40000,0x0000000017c40000)]
  0x0000000002de2800 JavaThread "main" [_thread_in_native, id=8720, stack(0x0000000002cb0000,0x0000000002db0000)]

Other Threads:
  0x0000000015929800 VMThread [stack: 0x0000000017640000,0x0000000017740000] [id=3096]
  0x00000000177f4000 WatcherThread [stack: 0x0000000018870000,0x0000000018970000] [id=9344]

VM state:not at safepoint (normal execution)

VM Mutex/Monitor currently owned by a thread: None

heap address: 0x00000000c1c00000, size: 996 MB, Compressed Oops mode: 32-bit
Narrow klass base: 0x0000000000000000, Narrow klass shift: 3
Compressed class space size: 1073741824 Address: 0x0000000100000000

Heap:
 PSYoungGen      total 18944K, used 2294K [0x00000000eb400000, 0x00000000ec900000, 0x0000000100000000)
  eden space 16384K, 14% used [0x00000000eb400000,0x00000000eb63d9c0,0x00000000ec400000)
  from space 2560K, 0% used [0x00000000ec680000,0x00000000ec680000,0x00000000ec900000)
  to   space 2560K, 0% used [0x00000000ec400000,0x00000000ec400000,0x00000000ec680000)
 ParOldGen       total 44032K, used 0K [0x00000000c1c00000, 0x00000000c4700000, 0x00000000eb400000)
  object space 44032K, 0% used [0x00000000c1c00000,0x00000000c1c00000,0x00000000c4700000)
 Metaspace       used 4296K, capacity 4704K, committed 4992K, reserved 1056768K
  class space    used 485K, capacity 543K, committed 640K, reserved 1048576K

Card table byte_map: [0x00000000122b0000,0x00000000124b0000] byte_map_base: 0x0000000011ca2000

Marking Bits: (ParMarkBitMap*) 0x00000000567c5ce0
 Begin Bits: [0x0000000012e00000, 0x0000000013d90000)
 End Bits:   [0x0000000013d90000, 0x0000000014d20000)

Polling page: 0x0000000002dc0000

CodeCache: size=245760Kb used=1322Kb max_used=1322Kb free=244437Kb
 bounds [0x0000000002ef0000, 0x0000000003160000, 0x0000000011ef0000]
 total_blobs=424 nmethods=166 adapters=179
 compilation: enabled

Compilation events (10 events):
Event: 4.357 Thread 0x00000000177a2800 nmethod 149 0x0000000003034850 code [0x0000000003034a40, 0x0000000003035330]
Event: 4.357 Thread 0x00000000177a2800  151       3       java.lang.invoke.MethodType::checkPtype (19 bytes)
Event: 4.358 Thread 0x00000000177a2800 nmethod 151 0x0000000003035750 code [0x0000000003035900, 0x0000000003035cf8]
Event: 4.358 Thread 0x00000000177a2800  154   !   3       java.lang.invoke.MemberName::getMethodType (208 bytes)
Event: 4.358 Thread 0x00000000177a2800 nmethod 154 0x0000000003036350 code [0x0000000003036600, 0x0000000003037df8]
Event: 4.358 Thread 0x00000000177a2800  153       3       java.util.Arrays$ArrayList::size (6 bytes)
Event: 4.358 Thread 0x00000000177a2800 nmethod 153 0x0000000003038710 code [0x0000000003038860, 0x00000000030389b0]
Event: 4.358 Thread 0x00000000177a2800  156       3       jdk.internal.org.objectweb.asm.Item::isEqualTo (354 bytes)
Event: 4.359 Thread 0x00000000177a2800 nmethod 156 0x0000000003038bd0 code [0x0000000003038e00, 0x0000000003039ac8]
Event: 4.359 Thread 0x00000000177a2800  160       3       jdk.internal.org.objectweb.asm.Frame::execute (2252 bytes)

GC Heap History (0 events):
No events

Deoptimization events (0 events):
No events

Classes redefined (0 events):
No events

Internal exceptions (8 events):
Event: 0.337 Thread 0x0000000002de2800 Exception <a 'java/lang/NoSuchMethodError': Method sun.misc.Unsafe.defineClass(Ljava/lang/String;[BII)Ljava/lang/Class; name or signature does not match> (0x00000000eb407cb8) thrown at [C:\re\workspace\8-2-build-windows-amd64-cygwin\jdk8u221\13320\hotspot
Event: 0.337 Thread 0x0000000002de2800 Exception <a 'java/lang/NoSuchMethodError': Method sun.misc.Unsafe.prefetchRead(Ljava/lang/Object;J)V name or signature does not match> (0x00000000eb407fa0) thrown at [C:\re\workspace\8-2-build-windows-amd64-cygwin\jdk8u221\13320\hotspot\src\share\vm\prim
Event: 4.325 Thread 0x0000000002de2800 Exception <a 'java/security/PrivilegedActionException'> (0x00000000eb4e0468) thrown at [C:\re\workspace\8-2-build-windows-amd64-cygwin\jdk8u221\13320\hotspot\src\share\vm\prims\jvm.cpp, line 1502]
Event: 4.325 Thread 0x0000000002de2800 Exception <a 'java/security/PrivilegedActionException'> (0x00000000eb4e0678) thrown at [C:\re\workspace\8-2-build-windows-amd64-cygwin\jdk8u221\13320\hotspot\src\share\vm\prims\jvm.cpp, line 1502]
Event: 4.326 Thread 0x0000000002de2800 Exception <a 'java/security/PrivilegedActionException'> (0x00000000eb4e4588) thrown at [C:\re\workspace\8-2-build-windows-amd64-cygwin\jdk8u221\13320\hotspot\src\share\vm\prims\jvm.cpp, line 1502]
Event: 4.326 Thread 0x0000000002de2800 Exception <a 'java/security/PrivilegedActionException'> (0x00000000eb4e4798) thrown at [C:\re\workspace\8-2-build-windows-amd64-cygwin\jdk8u221\13320\hotspot\src\share\vm\prims\jvm.cpp, line 1502]
Event: 4.329 Thread 0x0000000002de2800 Exception <a 'java/io/FileNotFoundException'> (0x00000000eb4e6868) thrown at [C:\re\workspace\8-2-build-windows-amd64-cygwin\jdk8u221\13320\hotspot\src\share\vm\prims\jni.cpp, line 710]
Event: 4.361 Thread 0x0000000002de2800 Exception <a 'java/lang/NoSuchFieldError': method resolution failed> (0x00000000eb608ef0) thrown at [C:\re\workspace\8-2-build-windows-amd64-cygwin\jdk8u221\13320\hotspot\src\share\vm\prims\methodHandles.cpp, line 1167]

Events (10 events):
Event: 4.350 loading class java/lang/invoke/DelegatingMethodHandle done
Event: 4.350 loading class java/lang/invoke/MethodHandleImpl$AsVarargsCollector done
Event: 4.351 loading class java/lang/invoke/WrongMethodTypeException
Event: 4.351 loading class java/lang/invoke/WrongMethodTypeException done
Event: 4.352 loading class java/lang/invoke/MethodHandleImpl$Lazy
Event: 4.352 loading class java/lang/invoke/MethodHandleImpl$Lazy done
Event: 4.352 loading class java/lang/invoke/MethodHandleImpl$IntrinsicMethodHandle
Event: 4.352 loading class java/lang/invoke/MethodHandleImpl$IntrinsicMethodHandle done
Event: 4.361 loading class java/lang/NoSuchFieldError
Event: 4.361 loading class java/lang/NoSuchFieldError done


Dynamic libraries:
0x00007ff7f36c0000 - 0x00007ff7f36f7000 	C:\Program Files\Java\jdk1.8.0_221\bin\java.exe
0x00007ffbd3cc0000 - 0x00007ffbd3eb0000 	C:\WINDOWS\SYSTEM32\ntdll.dll
0x00007ffbd39f0000 - 0x00007ffbd3aa2000 	C:\WINDOWS\System32\KERNEL32.DLL
0x00007ffbd18a0000 - 0x00007ffbd1b43000 	C:\WINDOWS\System32\KERNELBASE.dll
0x00007ffbd3ad0000 - 0x00007ffbd3b73000 	C:\WINDOWS\System32\ADVAPI32.dll
0x00007ffbd1fd0000 - 0x00007ffbd206e000 	C:\WINDOWS\System32\msvcrt.dll
0x00007ffbd3950000 - 0x00007ffbd39e7000 	C:\WINDOWS\System32\sechost.dll
0x00007ffbd3230000 - 0x00007ffbd3350000 	C:\WINDOWS\System32\RPCRT4.dll
0x00007ffbd28f0000 - 0x00007ffbd2a84000 	C:\WINDOWS\System32\USER32.dll
0x00007ffbd0da0000 - 0x00007ffbd0dc1000 	C:\WINDOWS\System32\win32u.dll
0x00007ffbd3b80000 - 0x00007ffbd3ba6000 	C:\WINDOWS\System32\GDI32.dll
0x00007ffbd0f20000 - 0x00007ffbd10b4000 	C:\WINDOWS\System32\gdi32full.dll
0x00007ffbd1c00000 - 0x00007ffbd1c9e000 	C:\WINDOWS\System32\msvcp_win.dll
0x00007ffbd0c50000 - 0x00007ffbd0d4a000 	C:\WINDOWS\System32\ucrtbase.dll
0x00007ffbb3930000 - 0x00007ffbb3bb5000 	C:\WINDOWS\WinSxS\amd64_microsoft.windows.common-controls_6595b64144ccf1df_6.0.18362.418_none_e6c6b287130d565d\COMCTL32.dll
0x00007ffbd3610000 - 0x00007ffbd3946000 	C:\WINDOWS\System32\combase.dll
0x00007ffbd1cf0000 - 0x00007ffbd1d70000 	C:\WINDOWS\System32\bcryptPrimitives.dll
0x00007ffbd30a0000 - 0x00007ffbd30ce000 	C:\WINDOWS\System32\IMM32.DLL
0x0000000057200000 - 0x00000000572d2000 	C:\Program Files\Java\jdk1.8.0_221\jre\bin\msvcr100.dll
0x0000000055fa0000 - 0x0000000056845000 	C:\Program Files\Java\jdk1.8.0_221\jre\bin\server\jvm.dll
0x00007ffbd3ac0000 - 0x00007ffbd3ac8000 	C:\WINDOWS\System32\PSAPI.DLL
0x00007ffbcb720000 - 0x00007ffbcb72a000 	C:\WINDOWS\SYSTEM32\VERSION.dll
0x00007ffbbdd10000 - 0x00007ffbbdd19000 	C:\WINDOWS\SYSTEM32\WSOCK32.dll
0x00007ffbc6c30000 - 0x00007ffbc6c54000 	C:\WINDOWS\SYSTEM32\WINMM.dll
0x00007ffbd35a0000 - 0x00007ffbd360f000 	C:\WINDOWS\System32\WS2_32.dll
0x00007ffbc6c00000 - 0x00007ffbc6c2d000 	C:\WINDOWS\SYSTEM32\winmmbase.dll
0x00007ffbd0d50000 - 0x00007ffbd0d9a000 	C:\WINDOWS\System32\cfgmgr32.dll
0x00007ffbcdeb0000 - 0x00007ffbcdebf000 	C:\Program Files\Java\jdk1.8.0_221\jre\bin\verify.dll
0x00007ffbc5590000 - 0x00007ffbc55b9000 	C:\Program Files\Java\jdk1.8.0_221\jre\bin\java.dll
0x00007ffbb16a0000 - 0x00007ffbb16d5000 	C:\Program Files\Java\jdk1.8.0_221\jre\bin\jdwp.dll
0x00007ffbca2e0000 - 0x00007ffbca2e8000 	C:\Program Files\Java\jdk1.8.0_221\jre\bin\npt.dll
0x00007ffbca250000 - 0x00007ffbca266000 	C:\Program Files\Java\jdk1.8.0_221\jre\bin\zip.dll
0x00007ffbd2200000 - 0x00007ffbd28e5000 	C:\WINDOWS\System32\SHELL32.dll
0x00007ffbd34f0000 - 0x00007ffbd3599000 	C:\WINDOWS\System32\shcore.dll
0x00007ffbd1120000 - 0x00007ffbd189f000 	C:\WINDOWS\System32\windows.storage.dll
0x00007ffbd0c30000 - 0x00007ffbd0c4f000 	C:\WINDOWS\System32\profapi.dll
0x00007ffbd0bc0000 - 0x00007ffbd0c0a000 	C:\WINDOWS\System32\powrprof.dll
0x00007ffbd0b90000 - 0x00007ffbd0ba0000 	C:\WINDOWS\System32\UMPDC.dll
0x00007ffbd3350000 - 0x00007ffbd33a2000 	C:\WINDOWS\System32\shlwapi.dll
0x00007ffbd0ba0000 - 0x00007ffbd0bb1000 	C:\WINDOWS\System32\kernel.appcore.dll
0x00007ffbd1cd0000 - 0x00007ffbd1ce7000 	C:\WINDOWS\System32\cryptsp.dll
0x00007ffbca370000 - 0x00007ffbca37b000 	C:\Program Files\Java\jdk1.8.0_221\jre\bin\dt_shmem.dll
0x00007ffba9f10000 - 0x00007ffbaa0a9000 	C:\Program Files\Java\jdk1.8.0_221\jre\bin\awt.dll
0x00007ffbd2f00000 - 0x00007ffbd2fc4000 	C:\WINDOWS\System32\OLEAUT32.dll
0x00007ffbce580000 - 0x00007ffbce60f000 	C:\WINDOWS\SYSTEM32\apphelp.dll

VM Arguments:
jvm_args: -Xdebug -Xrunjdwp:transport=dt_shmem,address=javadebug -Dfile.encoding=UTF-8 
java_command: project1.login
java_class_path (initial): C:\Users\Quan\Downloads\sqlite-jdbc-3.7.2.jar\sqlite-jdbc-3.7.2.jar;C:\Users\Quan\Documents\NetBeansProjects\Project1\build\classes
Launcher Type: SUN_STANDARD

Environment Variables:
PATH=C:\Program Files (x86)\Common Files\Oracle\Java\javapath;C:\WINDOWS\system32;C:\WINDOWS;C:\WINDOWS\System32\Wbem;C:\WINDOWS\System32\WindowsPowerShell\v1.0\;C:\Program Files\dotnet\;C:\WINDOWS\System32\OpenSSH\;C:\Program Files\Microsoft SQL Server\Client SDK\ODBC\130\Tools\Binn\;C:\Program Files (x86)\Microsoft SQL Server\140\Tools\Binn\;C:\Program Files\Microsoft SQL Server\140\Tools\Binn\;C:\Program Files\Microsoft SQL Server\140\DTS\Binn\;C:\Program Files (x86)\Microsoft SQL Server\150\DTS\Binn\;C:\sqlite3;C:\Users\Quan\AppData\Local\Microsoft\WindowsApps;
USERNAME=Quan
OS=Windows_NT
PROCESSOR_IDENTIFIER=Intel64 Family 6 Model 142 Stepping 10, GenuineIntel



---------------  S Y S T E M  ---------------

OS: Windows 10.0 , 64 bit Build 18362 (10.0.18362.329)

CPU:total 8 (initial active 8) (4 cores per cpu, 2 threads per core) family 6 model 142 stepping 10, cmov, cx8, fxsr, mmx, sse, sse2, sse3, ssse3, sse4.1, sse4.2, popcnt, avx, avx2, aes, clmul, erms, 3dnowpref, lzcnt, ht, tsc, tscinvbit, bmi1, bmi2, adx

Memory: 4k page, physical 4077712k(634524k free), swap 6930576k(3044k free)

vm_info: Java HotSpot(TM) 64-Bit Server VM (25.221-b11) for windows-amd64 JRE (1.8.0_221-b11), built on Jul  4 2019 04:39:29 by "java_re" with MS VC++ 10.0 (VS2010)

time: Mon Oct 14 23:24:18 2019
timezone: SE Asia Standard Time
elapsed time: 4 seconds (0d 0h 0m 4s)

